1	: A 1	: started
2	: A 1	: enter
3	: C 3	: started
4	: C 3	: enter
5	: A 2	: started
6	: A 2	: enter
7	: C 1	: started
8	: C 2	: started
9	: C 5	: started
10	: C 5	: enter
11	: C 4	: started
12	: C 4	: enter
13	: A 2	: trying to leave
14	: A 2	: leave
15	: A 1	: trying to leave
16	: A 1	: waiting : 1 : 3
17	: C 3	: trying to leave
18	: C 3	: leave
19	: C 2	: enter
20	: C 5	: trying to leave
21	: C 5	: leave
22	: C 1	: enter
23	: C 2	: trying to leave
24	: C 2	: leave
25	: C 4	: trying to leave
26	: C 4	: leave
27	: C 1	: trying to leave
28	: C 1	: leave
29	: A 2	: finished
30	: C 1	: finished
31	: C 3	: finished
32	: C 5	: finished
33	: C 4	: finished
34	: A 1	: leave
35	: A 1	: finished
36	: C 2	: finished
